2024-10-01 15:08:33,540 - Current System Resource Usage: CPU: 2.30%, Memory: 75.00%
2024-10-01 15:08:39,472 - Current System Resource Usage: CPU: 0.70%, Memory: 75.10%
2024-10-01 15:08:40,273 - Suspicious Process Detected:
2024-10-01 15:08:40,274 - PID: 0, Name: System Idle Process, CPU: 1550.9%, Memory: 4.866997135772186e-05%
2024-10-01 15:08:43,290 - Current System Resource Usage: CPU: 2.90%, Memory: 74.90%
2024-10-01 15:08:44,070 - Suspicious Process Detected:
2024-10-01 15:08:44,071 - PID: 0, Name: System Idle Process, CPU: 1543.7%, Memory: 4.866997135772186e-05%
2024-10-01 15:08:47,084 - Current System Resource Usage: CPU: 4.90%, Memory: 74.40%
2024-10-01 15:08:47,900 - Suspicious Process Detected:
2024-10-01 15:08:47,901 - PID: 0, Name: System Idle Process, CPU: 1516.0%, Memory: 4.866997135772186e-05%
2024-10-01 15:08:50,926 - Current System Resource Usage: CPU: 0.70%, Memory: 74.50%
2024-10-01 15:08:51,664 - Suspicious Process Detected:
2024-10-01 15:08:51,665 - PID: 0, Name: System Idle Process, CPU: 1539.7%, Memory: 4.866997135772186e-05%
2024-10-01 15:08:51,771 - Potential threat detected in current system resource usage: [ 0.7 74.5]
2024-10-01 15:08:54,796 - Current System Resource Usage: CPU: 4.70%, Memory: 74.50%
2024-10-01 15:08:55,660 - Suspicious Process Detected:
2024-10-01 15:08:55,662 - PID: 0, Name: System Idle Process, CPU: 1541.9%, Memory: 4.866997135772186e-05%
2024-10-01 15:08:58,771 - Current System Resource Usage: CPU: 1.70%, Memory: 74.40%
2024-10-01 15:08:59,624 - Suspicious Process Detected:
2024-10-01 15:08:59,625 - PID: 0, Name: System Idle Process, CPU: 1579.8%, Memory: 4.866997135772186e-05%
2024-10-01 15:09:02,750 - Current System Resource Usage: CPU: 2.00%, Memory: 73.60%
2024-10-01 15:09:03,607 - Suspicious Process Detected:
2024-10-01 15:09:03,607 - PID: 0, Name: System Idle Process, CPU: 1551.1%, Memory: 4.866997135772186e-05%
2024-10-01 15:09:03,694 - Potential threat detected in current system resource usage: [ 2.  73.6]
2024-10-01 15:09:06,716 - Current System Resource Usage: CPU: 1.90%, Memory: 73.50%
2024-10-01 15:09:07,572 - Suspicious Process Detected:
2024-10-01 15:09:07,573 - PID: 0, Name: System Idle Process, CPU: 1575.9%, Memory: 4.866997135772186e-05%
2024-10-01 15:09:07,662 - Potential threat detected in current system resource usage: [ 1.9 73.5]
2024-10-01 15:09:10,696 - Current System Resource Usage: CPU: 1.20%, Memory: 73.40%
2024-10-01 15:09:11,541 - Suspicious Process Detected:
2024-10-01 15:09:11,542 - PID: 0, Name: System Idle Process, CPU: 1575.0%, Memory: 4.866997135772186e-05%
2024-10-01 15:09:11,631 - Potential threat detected in current system resource usage: [ 1.2 73.4]
2024-10-01 15:09:14,660 - Current System Resource Usage: CPU: 2.30%, Memory: 73.70%
2024-10-01 15:09:15,788 - Suspicious Process Detected:
2024-10-01 15:09:15,789 - PID: 0, Name: System Idle Process, CPU: 1557.0%, Memory: 4.866997135772186e-05%
2024-10-01 15:09:18,907 - Current System Resource Usage: CPU: 2.10%, Memory: 74.20%
2024-10-01 15:09:19,639 - Suspicious Process Detected:
2024-10-01 15:09:19,639 - PID: 0, Name: System Idle Process, CPU: 1565.1%, Memory: 4.866997135772186e-05%
2024-10-01 15:09:22,733 - Current System Resource Usage: CPU: 0.90%, Memory: 74.10%
2024-10-01 15:09:24,162 - Suspicious Process Detected:
2024-10-01 15:09:24,163 - PID: 0, Name: System Idle Process, CPU: 1568.2%, Memory: 4.866997135772186e-05%
2024-10-01 15:09:24,395 - Potential threat detected in current system resource usage: [ 0.9 74.1]
2024-10-01 15:09:27,412 - Current System Resource Usage: CPU: 2.70%, Memory: 73.90%
2024-10-01 15:09:28,955 - Suspicious Process Detected:
2024-10-01 15:09:28,958 - PID: 0, Name: System Idle Process, CPU: 1537.5%, Memory: 4.866997135772186e-05%
2024-10-01 15:09:32,232 - Current System Resource Usage: CPU: 1.40%, Memory: 74.40%
2024-10-01 15:09:33,605 - Suspicious Process Detected:
2024-10-01 15:09:33,606 - PID: 0, Name: System Idle Process, CPU: 1560.9%, Memory: 4.866997135772186e-05%
2024-10-01 15:09:36,717 - Current System Resource Usage: CPU: 2.40%, Memory: 74.20%
2024-10-01 15:09:37,588 - Suspicious Process Detected:
2024-10-01 15:09:37,590 - PID: 0, Name: System Idle Process, CPU: 1564.2%, Memory: 4.866997135772186e-05%
2024-10-01 15:09:40,689 - Current System Resource Usage: CPU: 3.80%, Memory: 74.60%
2024-10-01 15:09:41,532 - Suspicious Process Detected:
2024-10-01 15:09:41,533 - PID: 0, Name: System Idle Process, CPU: 1562.1%, Memory: 4.866997135772186e-05%
2024-10-01 15:09:41,628 - Potential threat detected in current system resource usage: [ 3.8 74.6]
2024-10-01 15:09:44,652 - Current System Resource Usage: CPU: 1.40%, Memory: 74.70%
2024-10-01 15:09:45,569 - Suspicious Process Detected:
2024-10-01 15:09:45,570 - PID: 0, Name: System Idle Process, CPU: 1561.7%, Memory: 4.866997135772186e-05%
2024-10-01 15:09:48,677 - Current System Resource Usage: CPU: 2.50%, Memory: 74.70%
2024-10-01 15:09:49,559 - Suspicious Process Detected:
2024-10-01 15:09:49,560 - PID: 0, Name: System Idle Process, CPU: 1571.8%, Memory: 4.866997135772186e-05%
2024-10-01 15:09:52,677 - Current System Resource Usage: CPU: 1.60%, Memory: 74.00%
2024-10-01 15:09:53,535 - Suspicious Process Detected:
2024-10-01 15:09:53,536 - PID: 0, Name: System Idle Process, CPU: 1566.8%, Memory: 4.866997135772186e-05%
2024-10-01 15:09:56,644 - Current System Resource Usage: CPU: 2.50%, Memory: 74.00%
2024-10-01 15:09:57,574 - Suspicious Process Detected:
2024-10-01 15:09:57,574 - PID: 0, Name: System Idle Process, CPU: 1559.4%, Memory: 4.866997135772186e-05%
2024-10-01 15:10:00,681 - Current System Resource Usage: CPU: 2.30%, Memory: 73.90%
2024-10-01 15:10:01,771 - Suspicious Process Detected:
2024-10-01 15:10:01,772 - PID: 0, Name: System Idle Process, CPU: 1556.3%, Memory: 4.866997135772186e-05%
2024-10-01 15:10:04,898 - Current System Resource Usage: CPU: 2.30%, Memory: 74.60%
2024-10-01 15:10:05,840 - Suspicious Process Detected:
2024-10-01 15:10:05,840 - PID: 0, Name: System Idle Process, CPU: 1553.6%, Memory: 4.866997135772186e-05%
2024-10-01 15:10:08,958 - Current System Resource Usage: CPU: 3.90%, Memory: 74.60%
2024-10-01 15:10:09,428 - Monitoring stopped by user. System data saved to 'cybersecurity.log'.
